[2026-05-05 12:30:54] local.INFO: SubscriptionCheck: Processing request {"url":"http://localhost:8000/api/auth/login","method":"POST","username_input":"superadmin","user_found":true,"user_id":1} 
[2026-05-05 12:30:54] local.INFO: SubscriptionCheck: User roles check {"user_id":1,"username":"superadmin","is_super_admin":false,"all_roles":[]} 
[2026-05-05 12:30:54] local.INFO: SubscriptionCheck: Subscription found {"subscription_exists":false,"subscription_id":null} 
[2026-05-05 12:30:54] local.WARNING: Login denied - no active subscription {"user_id":1,"username":"superadmin","user_roles":[],"admin_id":null} 
[2026-05-05 12:32:10] local.INFO: SubscriptionCheck: Processing request {"url":"http://localhost:8000/api/auth/login","method":"POST","username_input":"superadmin","user_found":true,"user_id":1} 
[2026-05-05 12:32:10] local.INFO: SubscriptionCheck: User roles check {"user_id":1,"username":"superadmin","is_super_admin":true,"all_roles":[]} 
[2026-05-05 12:32:10] local.INFO: SubscriptionCheck: Bypassing for SuperAdmin  
[2026-05-05 12:32:10] local.INFO: Activity logged {"action":"تسجيل دخول","detail":"","username":"superadmin","admin_id":null} 
[2026-05-05 12:32:11] local.INFO: EnsureRole middleware check {"user_id":1,"user_roles":[],"required_roles":["admin","super_admin"],"request_path":"api/warehouses","request_method":"GET"} 
[2026-05-05 12:32:11] local.INFO: Checking role {"role":"admin","has_role":false} 
[2026-05-05 12:32:11] local.INFO: Checking role {"role":"super_admin","has_role":false} 
[2026-05-05 12:32:11] local.INFO: Role check result {"has_required_role":false} 
[2026-05-05 12:32:11] local.ERROR: Access denied - insufficient permissions {"user_id":1,"user_roles":[],"required_roles":["admin","super_admin"]} 
[2026-05-05 12:32:12] local.INFO: EnsureRole middleware check {"user_id":1,"user_roles":[],"required_roles":["admin","super_admin"],"request_path":"api/settings","request_method":"GET"} 
[2026-05-05 12:32:12] local.INFO: Checking role {"role":"admin","has_role":false} 
[2026-05-05 12:32:12] local.INFO: Checking role {"role":"super_admin","has_role":false} 
[2026-05-05 12:32:12] local.INFO: Role check result {"has_required_role":false} 
[2026-05-05 12:32:12] local.ERROR: Access denied - insufficient permissions {"user_id":1,"user_roles":[],"required_roles":["admin","super_admin"]} 
[2026-05-05 12:33:41] local.INFO: Activity logged {"action":"تسجيل خروج","detail":"","username":"system","admin_id":null} 
[2026-05-05 12:33:44] local.INFO: Activity logged {"action":"تسجيل دخول","detail":"","username":"superadmin","admin_id":null} 
[2026-05-05 12:33:45] local.INFO: EnsureRole middleware check {"user_id":1,"user_roles":["super_admin"],"required_roles":["admin","super_admin"],"request_path":"api/warehouses","request_method":"GET"} 
[2026-05-05 12:33:45] local.INFO: Checking role {"role":"admin","has_role":false} 
[2026-05-05 12:33:45] local.INFO: Checking role {"role":"super_admin","has_role":true} 
[2026-05-05 12:33:45] local.INFO: Role check result {"has_required_role":true} 
[2026-05-05 12:33:46] local.INFO: EnsureRole middleware check {"user_id":1,"user_roles":["super_admin"],"required_roles":["admin","super_admin"],"request_path":"api/settings","request_method":"GET"} 
[2026-05-05 12:33:46] local.INFO: Checking role {"role":"admin","has_role":false} 
[2026-05-05 12:33:46] local.INFO: Checking role {"role":"super_admin","has_role":true} 
[2026-05-05 12:33:46] local.INFO: Role check result {"has_required_role":true} 
[2026-05-05 12:33:46] local.ERROR: Call to undefined method App\Http\Controllers\Api\SettingsController::middleware() {"userId":1,"exception":"[object] (Error(code: 0): Call to undefined method App\\Http\\Controllers\\Api\\SettingsController::middleware() at C:/Users/ICN/Desktop/Arabic-Inventory-System/laravel-backend/app/Http/Controllers/Api/SettingsController.php:19)
[stacktrace]
#0 [internal function]: App/Http/Controllers/Api/SettingsController->__construct(Object(App/Services/ActivityLogger))
#1 C:/Users/ICN/Desktop/Arabic-Inventory-System/laravel-backend/vendor/laravel/framework/src/Illuminate/Container/Container.php(1004): ReflectionClass->newInstanceArgs(Array)
#2 C:/Users/ICN/Desktop/Arabic-Inventory-System/laravel-backend/vendor/laravel/framework/src/Illuminate/Container/Container.php(832): Illuminate/Container/Container->build('App//Http//Contro...')
#3 C:/Users/ICN/Desktop/Arabic-Inventory-System/laravel-backend/vendor/laravel/framework/src/Illuminate/Foundation/Application.php(1078): Illuminate/Container/Container->resolve('App//Http//Contro...', Array, true)
#4 C:/Users/ICN/Desktop/Arabic-Inventory-System/laravel-backend/vendor/laravel/framework/src/Illuminate/Container/Container.php(763): Illuminate/Foundation/Application->resolve('App//Http//Contro...', Array)
#5 C:/Users/ICN/Desktop/Arabic-Inventory-System/laravel-backend/vendor/laravel/framework/src/Illuminate/Foundation/Application.php(1058): Illuminate/Container/Container->make('App//Http//Contro...', Array)
#6 C:/Users/ICN/Desktop/Arabic-Inventory-System/laravel-backend/vendor/laravel/framework/src/Illuminate/Routing/Route.php(285): Illuminate/Foundation/Application->make('App//Http//Contro...')
#7 C:/Users/ICN/Desktop/Arabic-Inventory-System/laravel-backend/vendor/laravel/framework/src/Illuminate/Routing/Route.php(267): Illuminate/Routing/Route->getController()
#8 C:/Users/ICN/Desktop/Arabic-Inventory-System/laravel-backend/vendor/laravel/framework/src/Illuminate/Routing/Route.php(212): Illuminate/Routing/Route->runController()
#9 C:/Users/ICN/Desktop/Arabic-Inventory-System/laravel-backend/vendor/laravel/framework/src/Illuminate/Routing/Router.php(808): Illuminate/Routing/Route->run()
#10 C:/Users/ICN/Desktop/Arabic-Inventory-System/laravel-backend/vendor/laravel/framework/src/Illuminate/Pipeline/Pipeline.php(170): Illuminate/Routing/Router->Illuminate/Routing/{closure}(Object(Illuminate/Http/Request))
#11 C:/Users/ICN/Desktop/Arabic-Inventory-System/laravel-backend/app/Http/Middleware/EnsureRole.php(61): Illuminate/Pipeline/Pipeline->Illuminate/Pipeline/{closure}(Object(Illuminate/Http/Request))
#12 C:/Users/ICN/Desktop/Arabic-Inventory-System/laravel-backend/vendor/laravel/framework/src/Illuminate/Pipeline/Pipeline.php(209): App/Http/Middleware/EnsureRole->handle(Object(Illuminate/Http/Request), Object(Closure), 'admin', 'super_admin')
#13 C:/Users/ICN/Desktop/Arabic-Inventory-System/laravel-backend/vendor/laravel/framework/src/Illuminate/Routing/Middleware/SubstituteBindings.php(51): Illuminate/Pipeline/Pipeline->Illuminate/Pipeline/{closure}(Object(Illuminate/Http/Request))
#14 C:/Users/ICN/Desktop/Arabic-Inventory-System/laravel-backend/vendor/laravel/framework/src/Illuminate/Pipeline/Pipeline.php(209): Illuminate/Routing/Middleware/SubstituteBindings->handle(Object(Illuminate/Http/Request), Object(Closure))
#15 C:/Users/ICN/Desktop/Arabic-Inventory-System/laravel-backend/vendor/laravel/framework/src/Illuminate/Auth/Middleware/Authenticate.php(64): Illuminate/Pipeline/Pipeline->Illuminate/Pipeline/{closure}(Object(Illuminate/Http/Request))
#16 C:/Users/ICN/Desktop/Arabic-Inventory-System/laravel-backend/vendor/laravel/framework/src/Illuminate/Pipeline/Pipeline.php(209): Illuminate/Auth/Middleware/Authenticate->handle(Object(Illuminate/Http/Request), Object(Closure))
#17 C:/Users/ICN/Desktop/Arabic-Inventory-System/laravel-backend/vendor/laravel/framework/src/Illuminate/Auth/Middleware/Authenticate.php(64): Illuminate/Pipeline/Pipeline->Illuminate/Pipeline/{closure}(Object(Illuminate/Http/Request))
#18 C:/Users/ICN/Desktop/Arabic-Inventory-System/laravel-backend/vendor/laravel/framework/src/Illuminate/Pipeline/Pipeline.php(209): Illuminate/Auth/Middleware/Authenticate->handle(Object(Illuminate/Http/Request), Object(Closure), 'sanctum')
#19 C:/Users/ICN/Desktop/Arabic-Inventory-System/laravel-backend/vendor/laravel/framework/src/Illuminate/Session/Middleware/StartSession.php(121): Illuminate/Pipeline/Pipeline->Illuminate/Pipeline/{closure}(Object(Illuminate/Http/Request))
#20 C:/Users/ICN/Desktop/Arabic-Inventory-System/laravel-backend/vendor/laravel/framework/src/Illuminate/Session/Middleware/StartSession.php(64): Illuminate/Session/Middleware/StartSession->handleStatefulRequest(Object(Illuminate/Http/Request), Object(Illuminate/Session/Store), Object(Closure))
#21 C:/Users/ICN/Desktop/Arabic-Inventory-System/laravel-backend/vendor/laravel/framework/src/Illuminate/Pipeline/Pipeline.php(209): Illuminate/Session/Middleware/StartSession->handle(Object(Illuminate/Http/Request), Object(Closure))
#22 C:/Users/ICN/Desktop/Arabic-Inventory-System/laravel-backend/vendor/laravel/framework/src/Illuminate/Cookie/Middleware/EncryptCookies.php(75): Illuminate/Pipeline/Pipeline->Illuminate/Pipeline/{closure}(Object(Illuminate/Http/Request))
#23 C:/Users/ICN/Desktop/Arabic-Inventory-System/laravel-backend/vendor/laravel/framework/src/Illuminate/Pipeline/Pipeline.php(209): Illuminate/Cookie/Middleware/EncryptCookies->handle(Object(Illuminate/Http/Request), Object(Closure))
#24 C:/Users/ICN/Desktop/Arabic-Inventory-System/laravel-backend/vendor/laravel/sanctum/src/Http/Middleware/EnsureFrontendRequestsAreStateful.php(26): Illuminate/Pipeline/Pipeline->Illuminate/Pipeline/{closure}(Object(Illuminate/Http/Request))
#25 C:/Users/ICN/Desktop/Arabic-Inventory-System/laravel-backend/vendor/laravel/framework/src/Illuminate/Pipeline/Pipeline.php(170): Laravel/Sanctum/Http/Middleware/EnsureFrontendRequestsAreStateful->Laravel/Sanctum/Http/Middleware/{closure}(Object(Illuminate/Http/Request))
#26 C:/Users/ICN/Desktop/Arabic-Inventory-System/laravel-backend/vendor/laravel/sanctum/src/Http/Middleware/AuthenticateSession.php(35): Illuminate/Pipeline/Pipeline->Illuminate/Pipeline/{closure}(Object(Illuminate/Http/Request))
#27 C:/Users/ICN/Desktop/Arabic-Inventory-System/laravel-backend/vendor/laravel/framework/src/Illuminate/Pipeline/Pipeline.php(209): Laravel/Sanctum/Http/Middleware/AuthenticateSession->handle(Object(Illuminate/Http/Request), Object(Closure))
#28 C:/Users/ICN/Desktop/Arabic-Inventory-System/laravel-backend/vendor/laravel/framework/src/Illuminate/Foundation/Http/Middleware/VerifyCsrfToken.php(88): Illuminate/Pipeline/Pipeline->Illuminate/Pipeline/{closure}(Object(Illuminate/Http/Request))
#29 C:/Users/ICN/Desktop/Arabic-Inventory-System/laravel-backend/vendor/laravel/framework/src/Illuminate/Pipeline/Pipeline.php(209): Illuminate/Foundation/Http/Middleware/VerifyCsrfToken->handle(Object(Illuminate/Http/Request), Object(Closure))
#30 C:/Users/ICN/Desktop/Arabic-Inventory-System/laravel-backend/vendor/laravel/framework/src/Illuminate/Session/Middleware/StartSession.php(121): Illuminate/Pipeline/Pipeline->Illuminate/Pipeline/{closure}(Object(Illuminate/Http/Request))
#31 C:/Users/ICN/Desktop/Arabic-Inventory-System/laravel-backend/vendor/laravel/framework/src/Illuminate/Session/Middleware/StartSession.php(64): Illuminate/Session/Middleware/StartSession->handleStatefulRequest(Object(Illuminate/Http/Request), Object(Illuminate/Session/Store), Object(Closure))
#32 C:/Users/ICN/Desktop/Arabic-Inventory-System/laravel-backend/vendor/laravel/framework/src/Illuminate/Pipeline/Pipeline.php(209): Illuminate/Session/Middleware/StartSession->handle(Object(Illuminate/Http/Request), Object(Closure))
#33 C:/Users/ICN/Desktop/Arabic-Inventory-System/laravel-backend/vendor/laravel/framework/src/Illuminate/Cookie/Middleware/AddQueuedCookiesToResponse.php(37): Illuminate/Pipeline/Pipeline->Illuminate/Pipeline/{closure}(Object(Illuminate/Http/Request))
#34 C:/Users/ICN/Desktop/Arabic-Inventory-System/laravel-backend/vendor/laravel/framework/src/Illuminate/Pipeline/Pipeline.php(209): Illuminate/Cookie/Middleware/AddQueuedCookiesToResponse->handle(Object(Illuminate/Http/Request), Object(Closure))
#35 C:/Users/ICN/Desktop/Arabic-Inventory-System/laravel-backend/vendor/laravel/framework/src/Illuminate/Cookie/Middleware/EncryptCookies.php(75): Illuminate/Pipeline/Pipeline->Illuminate/Pipeline/{closure}(Object(Illuminate/Http/Request))
#36 C:/Users/ICN/Desktop/Arabic-Inventory-System/laravel-backend/vendor/laravel/framework/src/Illuminate/Pipeline/Pipeline.php(209): Illuminate/Cookie/Middleware/EncryptCookies->handle(Object(Illuminate/Http/Request), Object(Closure))
#37 C:/Users/ICN/Desktop/Arabic-Inventory-System/laravel-backend/vendor/laravel/sanctum/src/Http/Middleware/EnsureFrontendRequestsAreStateful.php(61): Illuminate/Pipeline/Pipeline->Illuminate/Pipeline/{closure}(Object(Illuminate/Http/Request))
#38 C:/Users/ICN/Desktop/Arabic-Inventory-System/laravel-backend/vendor/laravel/framework/src/Illuminate/Pipeline/Pipeline.php(191): Laravel/Sanctum/Http/Middleware/EnsureFrontendRequestsAreStateful->Laravel/Sanctum/Http/Middleware/{closure}(Object(Illuminate/Http/Request), Object(Closure))
#39 C:/Users/ICN/Desktop/Arabic-Inventory-System/laravel-backend/vendor/laravel/framework/src/Illuminate/Pipeline/Pipeline.php(127): Illuminate/Pipeline/Pipeline->Illuminate/Pipeline/{closure}(Object(Illuminate/Http/Request))
#40 C:/Users/ICN/Desktop/Arabic-Inventory-System/laravel-backend/vendor/laravel/sanctum/src/Http/Middleware/EnsureFrontendRequestsAreStateful.php(25): Illuminate/Pipeline/Pipeline->then(Object(Closure))
#41 C:/Users/ICN/Desktop/Arabic-Inventory-System/laravel-backend/vendor/laravel/framework/src/Illuminate/Pipeline/Pipeline.php(209): Laravel/Sanctum/Http/Middleware/EnsureFrontendRequestsAreStateful->handle(Object(Illuminate/Http/Request), Object(Closure))
#42 C:/Users/ICN/Desktop/Arabic-Inventory-System/laravel-backend/vendor/laravel/framework/src/Illuminate/Http/Middleware/HandleCors.php(62): Illuminate/Pipeline/Pipeline->Illuminate/Pipeline/{closure}(Object(Illuminate/Http/Request))
#43 C:/Users/ICN/Desktop/Arabic-Inventory-System/laravel-backend/vendor/laravel/framework/src/Illuminate/Pipeline/Pipeline.php(209): Illuminate/Http/Middleware/HandleCors->handle(Object(Illuminate/Http/Request), Object(Closure))
#44 C:/Users/ICN/Desktop/Arabic-Inventory-System/laravel-backend/vendor/laravel/framework/src/Illuminate/Pipeline/Pipeline.php(127): Illuminate/Pipeline/Pipeline->Illuminate/Pipeline/{closure}(Object(Illuminate/Http/Request))
#45 C:/Users/ICN/Desktop/Arabic-Inventory-System/laravel-backend/vendor/laravel/framework/src/Illuminate/Routing/Router.php(807): Illuminate/Pipeline/Pipeline->then(Object(Closure))
#46 C:/Users/ICN/Desktop/Arabic-Inventory-System/laravel-backend/vendor/laravel/framework/src/Illuminate/Routing/Router.php(786): Illuminate/Routing/Router->runRouteWithinStack(Object(Illuminate/Routing/Route), Object(Illuminate/Http/Request))
#47 C:/Users/ICN/Desktop/Arabic-Inventory-System/laravel-backend/vendor/laravel/framework/src/Illuminate/Routing/Router.php(750): Illuminate/Routing/Router->runRoute(Object(Illuminate/Http/Request), Object(Illuminate/Routing/Route))
#48 C:/Users/ICN/Desktop/Arabic-Inventory-System/laravel-backend/vendor/laravel/framework/src/Illuminate/Routing/Router.php(739): Illuminate/Routing/Router->dispatchToRoute(Object(Illuminate/Http/Request))
#49 C:/Users/ICN/Desktop/Arabic-Inventory-System/laravel-backend/vendor/laravel/framework/src/Illuminate/Foundation/Http/Kernel.php(201): Illuminate/Routing/Router->dispatch(Object(Illuminate/Http/Request))
#50 C:/Users/ICN/Desktop/Arabic-Inventory-System/laravel-backend/vendor/laravel/framework/src/Illuminate/Pipeline/Pipeline.php(170): Illuminate/Foundation/Http/Kernel->Illuminate/Foundation/Http/{closure}(Object(Illuminate/Http/Request))
#51 C:/Users/ICN/Desktop/Arabic-Inventory-System/laravel-backend/vendor/laravel/framework/src/Illuminate/Foundation/Http/Middleware/TransformsRequest.php(21): Illuminate/Pipeline/Pipeline->Illuminate/Pipeline/{closure}(Object(Illuminate/Http/Request))
#52 C:/Users/ICN/Desktop/Arabic-Inventory-System/laravel-backend/vendor/laravel/framework/src/Illuminate/Foundation/Http/Middleware/ConvertEmptyStringsToNull.php(31): Illuminate/Foundation/Http/Middleware/TransformsRequest->handle(Object(Illuminate/Http/Request), Object(Closure))
#53 C:/Users/ICN/Desktop/Arabic-Inventory-System/laravel-backend/vendor/laravel/framework/src/Illuminate/Pipeline/Pipeline.php(209): Illuminate/Foundation/Http/Middleware/ConvertEmptyStringsToNull->handle(Object(Illuminate/Http/Request), Object(Closure))
#54 C:/Users/ICN/Desktop/Arabic-Inventory-System/laravel-backend/vendor/laravel/framework/src/Illuminate/Foundation/Http/Middleware/TransformsRequest.php(21): Illuminate/Pipeline/Pipeline->Illuminate/Pipeline/{closure}(Object(Illuminate/Http/Request))
#55 C:/Users/ICN/Desktop/Arabic-Inventory-System/laravel-backend/vendor/laravel/framework/src/Illuminate/Foundation/Http/Middleware/TrimStrings.php(51): Illuminate/Foundation/Http/Middleware/TransformsRequest->handle(Object(Illuminate/Http/Request), Object(Closure))
#56 C:/Users/ICN/Desktop/Arabic-Inventory-System/laravel-backend/vendor/laravel/framework/src/Illuminate/Pipeline/Pipeline.php(209): Illuminate/Foundation/Http/Middleware/TrimStrings->handle(Object(Illuminate/Http/Request), Object(Closure))
#57 C:/Users/ICN/Desktop/Arabic-Inventory-System/laravel-backend/vendor/laravel/framework/src/Illuminate/Http/Middleware/ValidatePostSize.php(27): Illuminate/Pipeline/Pipeline->Illuminate/Pipeline/{closure}(Object(Illuminate/Http/Request))
#58 C:/Users/ICN/Desktop/Arabic-Inventory-System/laravel-backend/vendor/laravel/framework/src/Illuminate/Pipeline/Pipeline.php(209): Illuminate/Http/Middleware/ValidatePostSize->handle(Object(Illuminate/Http/Request), Object(Closure))
#59 C:/Users/ICN/Desktop/Arabic-Inventory-System/laravel-backend/vendor/laravel/framework/src/Illuminate/Foundation/Http/Middleware/PreventRequestsDuringMaintenance.php(110): Illuminate/Pipeline/Pipeline->Illuminate/Pipeline/{closure}(Object(Illuminate/Http/Request))
#60 C:/Users/ICN/Desktop/Arabic-Inventory-System/laravel-backend/vendor/laravel/framework/src/Illuminate/Pipeline/Pipeline.php(209): Illuminate/Foundation/Http/Middleware/PreventRequestsDuringMaintenance->handle(Object(Illuminate/Http/Request), Object(Closure))
#61 C:/Users/ICN/Desktop/Arabic-Inventory-System/laravel-backend/vendor/laravel/framework/src/Illuminate/Http/Middleware/HandleCors.php(62): Illuminate/Pipeline/Pipeline->Illuminate/Pipeline/{closure}(Object(Illuminate/Http/Request))
#62 C:/Users/ICN/Desktop/Arabic-Inventory-System/laravel-backend/vendor/laravel/framework/src/Illuminate/Pipeline/Pipeline.php(209): Illuminate/Http/Middleware/HandleCors->handle(Object(Illuminate/Http/Request), Object(Closure))
#63 C:/Users/ICN/Desktop/Arabic-Inventory-System/laravel-backend/vendor/laravel/framework/src/Illuminate/Http/Middleware/TrustProxies.php(58): Illuminate/Pipeline/Pipeline->Illuminate/Pipeline/{closure}(Object(Illuminate/Http/Request))
#64 C:/Users/ICN/Desktop/Arabic-Inventory-System/laravel-backend/vendor/laravel/framework/src/Illuminate/Pipeline/Pipeline.php(209): Illuminate/Http/Middleware/TrustProxies->handle(Object(Illuminate/Http/Request), Object(Closure))
#65 C:/Users/ICN/Desktop/Arabic-Inventory-System/laravel-backend/vendor/laravel/framework/src/Illuminate/Foundation/Http/Middleware/InvokeDeferredCallbacks.php(22): Illuminate/Pipeline/Pipeline->Illuminate/Pipeline/{closure}(Object(Illuminate/Http/Request))
#66 C:/Users/ICN/Desktop/Arabic-Inventory-System/laravel-backend/vendor/laravel/framework/src/Illuminate/Pipeline/Pipeline.php(209): Illuminate/Foundation/Http/Middleware/InvokeDeferredCallbacks->handle(Object(Illuminate/Http/Request), Object(Closure))
#67 C:/Users/ICN/Desktop/Arabic-Inventory-System/laravel-backend/vendor/laravel/framework/src/Illuminate/Pipeline/Pipeline.php(127): Illuminate/Pipeline/Pipeline->Illuminate/Pipeline/{closure}(Object(Illuminate/Http/Request))
#68 C:/Users/ICN/Desktop/Arabic-Inventory-System/laravel-backend/vendor/laravel/framework/src/Illuminate/Foundation/Http/Kernel.php(176): Illuminate/Pipeline/Pipeline->then(Object(Closure))
#69 C:/Users/ICN/Desktop/Arabic-Inventory-System/laravel-backend/vendor/laravel/framework/src/Illuminate/Foundation/Http/Kernel.php(145): Illuminate/Foundation/Http/Kernel->sendRequestThroughRouter(Object(Illuminate/Http/Request))
#70 C:/Users/ICN/Desktop/Arabic-Inventory-System/laravel-backend/vendor/laravel/framework/src/Illuminate/Foundation/Application.php(1220): Illuminate/Foundation/Http/Kernel->handle(Object(Illuminate/Http/Request))
#71 C:/Users/ICN/Desktop/Arabic-Inventory-System/laravel-backend/public/index.php(17): Illuminate/Foundation/Application->handleRequest(Object(Illuminate/Http/Request))
#72 C:/Users/ICN/Desktop/Arabic-Inventory-System/laravel-backend/vendor/laravel/framework/src/Illuminate/Foundation/resources/server.php(23): require_once('C://Users//ICN//De...')
#73 {main}
"} 
[2026-05-05 12:33:46] local.INFO: EnsureRole middleware check {"user_id":1,"user_roles":["super_admin"],"required_roles":["admin","super_admin"],"request_path":"api/users","request_method":"GET"} 
[2026-05-05 12:33:46] local.INFO: Checking role {"role":"admin","has_role":false} 
[2026-05-05 12:33:46] local.INFO: Checking role {"role":"super_admin","has_role":true} 
[2026-05-05 12:33:46] local.INFO: Role check result {"has_required_role":true} 
[2026-05-05 12:33:47] local.INFO: EnsureRole middleware check {"user_id":1,"user_roles":["super_admin"],"required_roles":["admin","super_admin"],"request_path":"api/warehouses","request_method":"GET"} 
[2026-05-05 12:33:47] local.INFO: Checking role {"role":"admin","has_role":false} 
[2026-05-05 12:33:47] local.INFO: Checking role {"role":"super_admin","has_role":true} 
[2026-05-05 12:33:47] local.INFO: Role check result {"has_required_role":true} 
